<?xml version="1.0" encoding="UTF-8"?>
<!-- Generated by org.testng.reporters.JUnitXMLReporter -->
<testsuite ignored="0" hostname="DESKTOP-ON8312J" failures="0" tests="3" name="Default test" time="0.033" errors="0" timestamp="08 Jun 2023 15:53:07 GMT">
  <testcase classname="seleniumnucoteveningsessionTestNG.AnnotationDemo" name="test1" time="0.006"/>
  <testcase classname="seleniumnucoteveningsessionTestNG.AnnotationDemo" name="test2" time="0.002"/>
  <testcase classname="seleniumnucoteveningsessionTestNG.AnnotationDemo" name="test3" time="0.001"/>
</testsuite> <!-- Default test -->
